<?xml version="1.0" encoding="UTF-8"?>
<!-- Generated by org.testng.reporters.JUnitReportReporter -->
<testsuite hostname="HariDarshana" failures="0" tests="1" name="login_Allure.LoginAllure" time="28.890" errors="0" timestamp="04 Jan 2023 03:19:37 GMT" skipped="0">
  <testcase classname="login_Allure.LoginAllure" name="loginWithBothCorrect" time="28.890"/>
</testsuite> <!-- login_Allure.LoginAllure -->
